[safeParseFile] SOL-PERP_trade_20221201.json total=1597 accepted=0 skipped=1597 malformed=0
[DriftDataProvider] SOL-PERP 20221201 trades=0
[DriftDataProvider] SOL-PERP 20221201 candles=0
[safeParseFile] SOL-PERP_fundingRate_20221201.json total=24 accepted=24 skipped=0 malformed=0
Backtest summary: {
  params: {
    market: 'SOL-PERP',
    startDate: '2023-01-01',
    endDate: '2023-01-15',
    withAi: true
  },
  metrics: {
    trades: 0,
    winRate: 0,
    pnl: 0,
    sharpe: 0,
    profitFactor: 0,
    maxDrawdown: 0,
    regimeBreakdown: {}
  },
  equityCurve: [],
  trades: []
}
Backtest diagnostics: trades=0 totalPnL=0.00 equityLen=0
[safeParseFile] SOL-PERP_trade_20221201.json total=1597 accepted=0 skipped=1597 malformed=0
[DriftDataProvider] SOL-PERP 20221201 trades=0
[DriftDataProvider] SOL-PERP 20221201 candles=0
[safeParseFile] SOL-PERP_fundingRate_20221201.json total=24 accepted=24 skipped=0 malformed=0
Backtest summary: {
  params: {
    market: 'SOL-PERP',
    startDate: '2023-01-01',
    endDate: '2023-01-15',
    withAi: true
  },
  metrics: {
    trades: 0,
    winRate: 0,
    pnl: 0,
    sharpe: 0,
    profitFactor: 0,
    maxDrawdown: 0,
    regimeBreakdown: {}
  },
  equityCurve: [],
  trades: []
}
Backtest diagnostics: trades=0 totalPnL=0.00 equityLen=0
[safeParseFile] SOL-PERP_trade_20221201.json total=1597 accepted=0 skipped=1597 malformed=0
[DriftDataProvider] SOL-PERP 20221201 trades=0
[DriftDataProvider] SOL-PERP 20221201 candles=0
[safeParseFile] SOL-PERP_fundingRate_20221201.json total=24 accepted=24 skipped=0 malformed=0
Backtest summary: {
  params: {
    market: 'SOL-PERP',
    startDate: '2023-01-01',
    endDate: '2023-01-15',
    withAi: true
  },
  metrics: {
    trades: 0,
    winRate: 0,
    pnl: 0,
    sharpe: 0,
    profitFactor: 0,
    maxDrawdown: 0,
    regimeBreakdown: {}
  },
  equityCurve: [],
  trades: []
}
Backtest diagnostics: trades=0 totalPnL=0.00 equityLen=0
[safeParseFile] SOL-PERP_trade_20221201.json total=1597 accepted=0 skipped=1597 malformed=0
[DriftDataProvider] SOL-PERP 20221201 trades=0
[DriftDataProvider] SOL-PERP 20221201 candles=0
[safeParseFile] SOL-PERP_fundingRate_20221201.json total=24 accepted=24 skipped=0 malformed=0
Backtest summary: {
  params: {
    market: 'SOL-PERP',
    startDate: '2023-01-01',
    endDate: '2023-01-15',
    withAi: true
  },
  metrics: {
    trades: 0,
    winRate: 0,
    pnl: 0,
    sharpe: 0,
    profitFactor: 0,
    maxDrawdown: 0,
    regimeBreakdown: {}
  },
  equityCurve: [],
  trades: []
}
Backtest diagnostics: trades=0 totalPnL=0.00 equityLen=0
[safeParseFile] SOL-PERP_trade_20221201.json total=1597 accepted=0 skipped=1597 malformed=0
[DriftDataProvider] SOL-PERP 20221201 trades=0
[DriftDataProvider] SOL-PERP 20221201 candles=0
[safeParseFile] SOL-PERP_fundingRate_20221201.json total=24 accepted=24 skipped=0 malformed=0
Backtest summary: {
  params: {
    market: 'SOL-PERP',
    startDate: '2023-01-01',
    endDate: '2023-01-15',
    withAi: true
  },
  metrics: {
    trades: 0,
    winRate: 0,
    pnl: 0,
    sharpe: 0,
    profitFactor: 0,
    maxDrawdown: 0,
    regimeBreakdown: {}
  },
  equityCurve: [],
  trades: []
}
Backtest diagnostics: trades=0 totalPnL=0.00 equityLen=0
[safeParseFile] SOL-PERP_trade_20221201.json total=1597 accepted=0 skipped=1597 malformed=0
[DriftDataProvider] SOL-PERP 20221201 trades=0
[DriftDataProvider] SOL-PERP 20221201 candles=0
[safeParseFile] SOL-PERP_fundingRate_20221201.json total=24 accepted=24 skipped=0 malformed=0
Backtest summary: {
  params: {
    market: 'SOL-PERP',
    startDate: '2023-01-01',
    endDate: '2023-01-15',
    withAi: true
  },
  metrics: {
    trades: 0,
    winRate: 0,
    pnl: 0,
    sharpe: 0,
    profitFactor: 0,
    maxDrawdown: 0,
    regimeBreakdown: {}
  },
  equityCurve: [],
  trades: []
}
Backtest diagnostics: trades=0 totalPnL=0.00 equityLen=0
[safeParseFile] SOL-PERP_trade_20221201.json total=1597 accepted=0 skipped=1597 malformed=0
[DriftDataProvider] SOL-PERP 20221201 trades=0
[DriftDataProvider] SOL-PERP 20221201 candles=0
[safeParseFile] SOL-PERP_fundingRate_20221201.json total=24 accepted=24 skipped=0 malformed=0
Backtest summary: {
  params: {
    market: 'SOL-PERP',
    startDate: '2023-01-01',
    endDate: '2023-01-15',
    withAi: true
  },
  metrics: {
    trades: 0,
    winRate: 0,
    pnl: 0,
    sharpe: 0,
    profitFactor: 0,
    maxDrawdown: 0,
    regimeBreakdown: {}
  },
  equityCurve: [],
  trades: []
}
Backtest diagnostics: trades=0 totalPnL=0.00 equityLen=0
[safeParseFile] SOL-PERP_trade_20221201.json total=1597 accepted=0 skipped=1597 malformed=0
[DriftDataProvider] SOL-PERP 20221201 trades=0
[DriftDataProvider] SOL-PERP 20221201 candles=0
[safeParseFile] SOL-PERP_fundingRate_20221201.json total=24 accepted=24 skipped=0 malformed=0
Backtest summary: {
  params: {
    market: 'SOL-PERP',
    startDate: '2023-01-01',
    endDate: '2023-01-15',
    withAi: true
  },
  metrics: {
    trades: 0,
    winRate: 0,
    pnl: 0,
    sharpe: 0,
    profitFactor: 0,
    maxDrawdown: 0,
    regimeBreakdown: {}
  },
  equityCurve: [],
  trades: []
}
Backtest diagnostics: trades=0 totalPnL=0.00 equityLen=0
[safeParseFile] SOL-PERP_trade_20221201.json total=1597 accepted=0 skipped=1597 malformed=0
[DriftDataProvider] SOL-PERP 20221201 trades=0
[DriftDataProvider] SOL-PERP 20221201 candles=0
[safeParseFile] SOL-PERP_fundingRate_20221201.json total=24 accepted=24 skipped=0 malformed=0
Backtest summary: {
  params: {
    market: 'SOL-PERP',
    startDate: '2023-01-01',
    endDate: '2023-01-15',
    withAi: true
  },
  metrics: {
    trades: 0,
    winRate: 0,
    pnl: 0,
    sharpe: 0,
    profitFactor: 0,
    maxDrawdown: 0,
    regimeBreakdown: {}
  },
  equityCurve: [],
  trades: []
}
Backtest diagnostics: trades=0 totalPnL=0.00 equityLen=0
[safeParseFile] SOL-PERP_trade_20221201.json total=1597 accepted=0 skipped=1597 malformed=0
[DriftDataProvider] SOL-PERP 20221201 trades=0
[DriftDataProvider] SOL-PERP 20221201 candles=0
[safeParseFile] SOL-PERP_fundingRate_20221201.json total=24 accepted=24 skipped=0 malformed=0
Backtest summary: {
  params: {
    market: 'SOL-PERP',
    startDate: '2023-01-01',
    endDate: '2023-01-15',
    withAi: true
  },
  metrics: {
    trades: 0,
    winRate: 0,
    pnl: 0,
    sharpe: 0,
    profitFactor: 0,
    maxDrawdown: 0,
    regimeBreakdown: {}
  },
  equityCurve: [],
  trades: []
}
Backtest diagnostics: trades=0 totalPnL=0.00 equityLen=0
[safeParseFile] SOL-PERP_trade_20221201.json total=1597 accepted=0 skipped=1597 malformed=0
[DriftDataProvider] SOL-PERP 20221201 trades=0
[DriftDataProvider] SOL-PERP 20221201 candles=0
[safeParseFile] SOL-PERP_fundingRate_20221201.json total=24 accepted=24 skipped=0 malformed=0
Backtest summary: {
  params: {
    market: 'SOL-PERP',
    startDate: '2023-01-01',
    endDate: '2023-01-15',
    withAi: true
  },
  metrics: {
    trades: 0,
    winRate: 0,
    pnl: 0,
    sharpe: 0,
    profitFactor: 0,
    maxDrawdown: 0,
    regimeBreakdown: {}
  },
  equityCurve: [],
  trades: []
}
Backtest diagnostics: trades=0 totalPnL=0.00 equityLen=0
[safeParseFile] SOL-PERP_trade_20221201.json total=1597 accepted=0 skipped=1597 malformed=0
[DriftDataProvider] SOL-PERP 20221201 trades=0
[DriftDataProvider] SOL-PERP 20221201 candles=0
[safeParseFile] SOL-PERP_fundingRate_20221201.json total=24 accepted=24 skipped=0 malformed=0
Backtest summary: {
  params: {
    market: 'SOL-PERP',
    startDate: '2023-01-01',
    endDate: '2023-01-15',
    withAi: true
  },
  metrics: {
    trades: 0,
    winRate: 0,
    pnl: 0,
    sharpe: 0,
    profitFactor: 0,
    maxDrawdown: 0,
    regimeBreakdown: {}
  },
  equityCurve: [],
  trades: []
}
Backtest diagnostics: trades=0 totalPnL=0.00 equityLen=0
✅ Optimization finished. Results saved to /Users/rickrichman/Desktop/drift-e3-bot/var/optimize/results_2025-08-17T06-44-30-319Z.json
